2008-11-27 13:29:34 Notice: Notice (8): Undefined property: AuthComponent::$Acl in [CORE/cake/libs/controller/components/auth.php, line 470]
2008-11-27 13:29:35 Notice: Notice (8): Undefined property: AuthComponent::$Acl in [CORE/cake/libs/controller/components/auth.php, line 470]
2008-11-27 13:54:50 Notice: Notice (8): Undefined variable: paginator in [APP/views/feeds/index.ctp, line 38]
2008-11-27 13:54:53 Notice: Notice (8): Undefined variable: paginator in [APP/views/feeds/index.ctp, line 38]
2008-11-27 14:37:02 Notice: Notice (8): Undefined variable: posts in [APP/views/pages/dog.ctp, line 20]
2008-11-27 14:37:02 Notice: Notice (8): Undefined variable: posts in [APP/views/pages/dog.ctp, line 21]
2008-11-27 14:37:02 Notice: Notice (8): Undefined variable: posts in [APP/views/pages/dog.ctp, line 22]
2008-11-27 14:37:22 Notice: Notice (8): Undefined variable: posts in [APP/views/pages/dog.ctp, line 20]
2008-11-27 14:37:22 Notice: Notice (8): Undefined variable: posts in [APP/views/pages/dog.ctp, line 21]
2008-11-27 14:37:22 Notice: Notice (8): Undefined variable: posts in [APP/views/pages/dog.ctp, line 22]
2008-11-27 14:37:22 Notice: Notice (8): Undefined variable: posts in [APP/views/pages/dog.ctp, line 45]
2008-11-27 14:37:36 Notice: Notice (8): Undefined variable: posts in [APP/views/pages/dog.ctp, line 20]
2008-11-27 14:37:36 Notice: Notice (8): Undefined variable: posts in [APP/views/pages/dog.ctp, line 21]
2008-11-27 14:37:36 Notice: Notice (8): Undefined variable: posts in [APP/views/pages/dog.ctp, line 22]
2008-11-27 14:37:36 Notice: Notice (8): Undefined variable: posts in [APP/views/pages/dog.ctp, line 45]
2008-11-27 14:37:36 Notice: Notice (8): Undefined variable: announces in [APP/views/pages/dog.ctp, line 84]
2008-11-27 14:47:49 Notice: Notice (8): Undefined index:  s in [APP/views/pages/feed.ctp, line 16]
2008-11-27 14:47:49 Notice: Notice (8): Undefined index:  cat in [APP/views/pages/feed.ctp, line 17]
2008-11-27 14:47:52 Notice: Notice (8): Undefined index:  s in [APP/views/pages/feed.ctp, line 16]
2008-11-27 14:47:52 Notice: Notice (8): Undefined index:  cat in [APP/views/pages/feed.ctp, line 17]
2008-11-27 14:48:07 Notice: Notice (8): Undefined index:  s in [APP/views/pages/feed.ctp, line 16]
2008-11-27 14:48:07 Notice: Notice (8): Undefined index:  cat in [APP/views/pages/feed.ctp, line 17]
2008-11-27 14:48:08 Notice: Notice (8): Undefined index:  s in [APP/views/pages/feed.ctp, line 16]
2008-11-27 14:48:08 Notice: Notice (8): Undefined index:  cat in [APP/views/pages/feed.ctp, line 17]
2008-11-27 15:00:29 Notice: Notice (8): Undefined variable: time in [APP/views/posts/feed.ctp, line 8]
2008-11-27 15:00:38 Notice: Notice (8): Undefined variable: time in [APP/views/posts/feed.ctp, line 8]
2008-11-27 15:01:08 Notice: Notice (8): Undefined variable: time in [APP/views/posts/feed.ctp, line 8]
2008-11-27 15:01:48 Notice: Notice (8): Undefined variable: time in [APP/views/posts/feed.ctp, line 8]
2008-11-27 15:02:40 Notice: Notice (8): Undefined variable: time in [APP/views/posts/feed.ctp, line 8]
2008-11-27 15:02:41 Notice: Notice (8): Undefined variable: time in [APP/views/posts/feed.ctp, line 8]
2008-11-27 15:02:46 Notice: Notice (8): Undefined variable: time in [APP/views/posts/feed.ctp, line 7]
2008-11-27 15:02:48 Notice: Notice (8): Undefined variable: time in [APP/views/posts/feed.ctp, line 8]
2008-11-27 15:03:10 Notice: Notice (8): Undefined index:  title in [APP/views/posts/feed.ctp, line 14]
2008-11-27 15:03:10 Notice: Notice (8): Undefined index:  id in [APP/views/posts/feed.ctp, line 15]
2008-11-27 15:03:10 Notice: Notice (8): Undefined index:  intro in [APP/views/posts/feed.ctp, line 16]
2008-11-27 15:03:10 Notice: Notice (8): Undefined variable: time in [APP/views/posts/feed.ctp, line 17]
2008-11-27 15:03:49 Notice: Notice (8): Undefined index:  title in [APP/views/posts/feed.ctp, line 14]
2008-11-27 15:03:49 Notice: Notice (8): Undefined index:  id in [APP/views/posts/feed.ctp, line 15]
2008-11-27 15:03:49 Notice: Notice (8): Undefined index:  intro in [APP/views/posts/feed.ctp, line 16]
2008-11-27 15:03:49 Notice: Notice (8): Undefined variable: time in [APP/views/posts/feed.ctp, line 17]
2008-11-27 15:04:17 Notice: Notice (8): Undefined index:  title in [APP/views/posts/feed.ctp, line 15]
2008-11-27 15:04:17 Notice: Notice (8): Undefined index:  id in [APP/views/posts/feed.ctp, line 16]
2008-11-27 15:04:17 Notice: Notice (8): Undefined index:  intro in [APP/views/posts/feed.ctp, line 17]
2008-11-27 15:04:17 Notice: Notice (8): Undefined variable: time in [APP/views/posts/feed.ctp, line 18]
2008-11-27 15:04:53 Notice: Notice (8): Undefined index:  id in [APP/views/posts/feed.ctp, line 16]
2008-11-27 15:04:53 Notice: Notice (8): Undefined index:  intro in [APP/views/posts/feed.ctp, line 17]
2008-11-27 15:04:53 Notice: Notice (8): Undefined variable: time in [APP/views/posts/feed.ctp, line 18]
2008-11-27 15:05:00 Notice: Notice (8): Undefined index:  id in [APP/views/posts/feed.ctp, line 15]
2008-11-27 15:05:00 Notice: Notice (8): Undefined index:  intro in [APP/views/posts/feed.ctp, line 16]
2008-11-27 15:05:00 Notice: Notice (8): Undefined variable: time in [APP/views/posts/feed.ctp, line 17]
2008-11-27 15:05:30 Notice: Notice (8): Undefined index:  intro in [APP/views/posts/feed.ctp, line 17]
2008-11-27 15:05:30 Notice: Notice (8): Undefined variable: time in [APP/views/posts/feed.ctp, line 18]
2008-11-27 15:05:36 Notice: Notice (8): Undefined index:  intro in [APP/views/posts/feed.ctp, line 16]
2008-11-27 15:05:36 Notice: Notice (8): Undefined variable: time in [APP/views/posts/feed.ctp, line 17]
2008-11-27 15:06:11 Notice: Notice (8): Undefined variable: time in [APP/views/posts/feed.ctp, line 17]
2008-11-27 15:07:04 Notice: Notice (8): Undefined variable: time in [APP/views/posts/feed.ctp, line 17]
2008-11-27 19:51:03 Notice: Notice (8): Undefined property: Post::$hits in [APP/controllers/posts_controller.php, line 82]
2008-11-27 19:52:05 Notice: Notice (8): Undefined property: Post::$hits in [APP/controllers/posts_controller.php, line 82]
2008-11-27 19:53:50 Notice: Notice (8): Undefined property: Post::$label in [APP/controllers/posts_controller.php, line 83]
2008-11-27 19:54:46 Notice: Notice (8): Undefined property: PostsController::$label in [APP/controllers/posts_controller.php, line 83]
2008-11-27 19:54:53 Notice: Notice (8): Undefined property: Post::$label in [APP/controllers/posts_controller.php, line 83]
2008-11-27 19:55:07 Notice: Notice (8): Undefined property: Post::$label in [APP/controllers/posts_controller.php, line 83]
2008-11-27 19:55:49 Notice: Notice (8): Undefined variable: post in [APP/controllers/posts_controller.php, line 85]
2008-11-27 20:08:05 Notice: Notice (8): Undefined property: PostsController::$post in [APP/controllers/posts_controller.php, line 83]
2008-11-27 20:08:12 Notice: Notice (8): Undefined property: Post::$Post in [APP/models/post.php, line 18]
2008-11-27 20:08:12 Notice: Notice (8): Trying to get property of non-object in [APP/models/post.php, line 18]
2008-11-27 20:08:25 Notice: Notice (8): Undefined property: Post::$Post in [APP/models/post.php, line 18]
2008-11-27 20:08:25 Notice: Notice (8): Trying to get property of non-object in [APP/models/post.php, line 18]
2008-11-27 20:22:07 Notice: Notice (8): Undefined property: PostsController::$Time in [APP/controllers/posts_controller.php, line 42]
2008-11-27 20:22:48 Notice: Notice (8): Undefined variable: Time in [APP/controllers/posts_controller.php, line 42]
2008-11-27 20:24:16 Notice: Notice (8): Undefined variable: Time in [APP/controllers/posts_controller.php, line 42]
2008-11-27 22:22:38 Notice: Notice (8): Undefined property: PostsController::$Twitter in [APP/controllers/posts_controller.php, line 64]
2008-11-27 22:23:00 Notice: Notice (8): Undefined property: PostsController::$Twitter in [APP/controllers/posts_controller.php, line 65]
2008-11-27 22:23:15 Notice: Notice (8): Undefined property: PostsController::$Twitter in [APP/controllers/posts_controller.php, line 65]
2008-11-27 22:31:04 Notice: Notice (8): Undefined property: PostsController::$Tinyurl in [APP/controllers/posts_controller.php, line 25]
2008-11-27 22:34:17 Notice: Notice (8): Undefined property: TinyurlComponent::$Http in [APP/controllers/components/tinyurl.php, line 14]
2008-12-02 14:03:21 Notice: Notice (8): Undefined index:  q in [APP/views/posts/search.ctp, line 1]
2008-12-02 14:03:21 Notice: Notice (8): Undefined index:  q in [APP/views/posts/search.ctp, line 8]
2008-12-02 14:08:34 Notice: Notice (8): Undefined variable: category in [APP/controllers/posts_controller.php, line 75]
2008-12-02 14:08:52 Notice: Notice (8): Undefined variable: category in [APP/controllers/posts_controller.php, line 75]
2008-12-02 14:10:02 Notice: Notice (8): Undefined index:  Post in [APP/views/posts/category.ctp, line 8]
2008-12-02 14:10:37 Notice: Notice (8): Undefined variable: post in [APP/views/posts/category.ctp, line 8]
2008-12-02 14:10:40 Notice: Notice (8): Undefined index:  Post in [APP/views/posts/category.ctp, line 8]
2008-12-02 14:10:50 Notice: Notice (8): Undefined index:  Post in [APP/views/posts/category.ctp, line 8]
2008-12-02 14:11:22 Notice: Notice (8): Undefined index:  Post in [APP/views/posts/category.ctp, line 8]
2008-12-02 14:11:33 Notice: Notice (8): Undefined index:  Post in [APP/views/posts/category.ctp, line 8]
2008-12-02 14:12:11 Notice: Notice (8): Undefined index:  Post in [APP/views/posts/category.ctp, line 8]
2008-12-02 14:25:10 Notice: Notice (8): Undefined variable: label in [APP/views/posts/view.ctp, line 21]
2008-12-02 14:25:10 Notice: Notice (8): Undefined variable: labelstring in [APP/views/posts/view.ctp, line 22]
2008-12-02 14:25:37 Notice: Notice (8): Undefined variable: categoryname in [APP/views/posts/view.ctp, line 21]
2008-12-02 14:25:41 Notice: Notice (8): Undefined variable: categoryname in [APP/views/posts/view.ctp, line 21]
2008-12-02 22:12:20 Notice: Notice (8): Undefined index:  Post in [APP/views/pages/home.ctp, line 13]
2008-12-02 22:12:20 Notice: Notice (8): Undefined index:  Post in [APP/views/pages/home.ctp, line 14]
2008-12-02 22:12:21 Notice: Notice (8): Undefined index:  Post in [APP/views/pages/home.ctp, line 15]
2008-12-02 22:12:21 Notice: Notice (8): Undefined index:  User in [APP/views/pages/home.ctp, line 23]
2008-12-02 22:12:21 Notice: Notice (8): Undefined index:  Feed in [APP/views/pages/home.ctp, line 23]
2008-12-02 22:14:57 Notice: Notice (8): Undefined variable: pastweek in [APP/controllers/posts_controller.php, line 76]
2008-12-02 22:14:57 Notice: Notice (8): Undefined variable: today in [APP/controllers/posts_controller.php, line 76]
2008-12-02 22:20:06 Notice: Notice (8): Undefined index:  User in [APP/views/pages/home.ctp, line 25]
2008-12-02 22:20:06 Notice: Notice (8): Undefined index:  Feed in [APP/views/pages/home.ctp, line 25]
2008-12-02 22:20:35 Notice: Notice (8): Undefined index:  User in [APP/views/pages/home.ctp, line 25]
2008-12-02 22:20:35 Notice: Notice (8): Undefined index:  Feed in [APP/views/pages/home.ctp, line 25]
2008-12-02 22:21:02 Notice: Notice (8): Undefined index:  Post in [APP/views/pages/home.ctp, line 14]
2008-12-02 22:21:02 Notice: Notice (8): Undefined index:  Post in [APP/views/pages/home.ctp, line 15]
2008-12-02 22:21:02 Notice: Notice (8): Undefined index:  Post in [APP/views/pages/home.ctp, line 16]
2008-12-02 22:21:02 Notice: Notice (8): Undefined index:  User in [APP/views/pages/home.ctp, line 25]
2008-12-02 22:21:02 Notice: Notice (8): Undefined index:  Feed in [APP/views/pages/home.ctp, line 25]
2008-12-02 22:21:12 Notice: Notice (8): Undefined index:  User in [APP/views/pages/home.ctp, line 25]
2008-12-02 22:21:12 Notice: Notice (8): Undefined index:  Feed in [APP/views/pages/home.ctp, line 25]
2008-12-02 22:21:37 Notice: Notice (8): Undefined index:  Post in [APP/views/pages/home.ctp, line 14]
2008-12-02 22:21:37 Notice: Notice (8): Undefined index:  Post in [APP/views/pages/home.ctp, line 15]
2008-12-02 22:21:37 Notice: Notice (8): Undefined index:  Post in [APP/views/pages/home.ctp, line 16]
2008-12-02 22:21:37 Notice: Notice (8): Undefined index:  User in [APP/views/pages/home.ctp, line 25]
2008-12-02 22:21:37 Notice: Notice (8): Undefined index:  Feed in [APP/views/pages/home.ctp, line 25]
2008-12-02 22:21:38 Notice: Notice (8): Undefined index:  Post in [APP/views/pages/home.ctp, line 14]
2008-12-02 22:21:38 Notice: Notice (8): Undefined index:  Post in [APP/views/pages/home.ctp, line 15]
2008-12-02 22:21:38 Notice: Notice (8): Undefined index:  Post in [APP/views/pages/home.ctp, line 16]
2008-12-02 22:21:38 Notice: Notice (8): Undefined index:  User in [APP/views/pages/home.ctp, line 25]
2008-12-02 22:21:38 Notice: Notice (8): Undefined index:  Feed in [APP/views/pages/home.ctp, line 25]
2008-12-02 22:22:19 Notice: Notice (8): Undefined index:  Post in [APP/views/pages/home.ctp, line 14]
2008-12-02 22:22:19 Notice: Notice (8): Undefined index:  Post in [APP/views/pages/home.ctp, line 15]
2008-12-02 22:22:19 Notice: Notice (8): Undefined index:  Post in [APP/views/pages/home.ctp, line 16]
2008-12-02 22:22:19 Notice: Notice (8): Undefined index:  User in [APP/views/pages/home.ctp, line 25]
2008-12-02 22:22:19 Notice: Notice (8): Undefined index:  Feed in [APP/views/pages/home.ctp, line 25]
2008-12-02 22:22:42 Notice: Notice (8): Undefined index:  User in [APP/views/pages/home.ctp, line 25]
2008-12-02 22:22:42 Notice: Notice (8): Undefined index:  Feed in [APP/views/pages/home.ctp, line 25]
2008-12-02 22:23:10 Notice: Notice (8): Undefined index:  User in [APP/views/pages/home.ctp, line 25]
2008-12-02 22:27:15 Notice: Notice (8): Undefined variable: javascript in [APP/views/pages/home.ctp, line 1]
2008-12-02 22:27:16 Notice: Notice (8): Undefined variable: javascript in [APP/views/pages/home.ctp, line 1]
2008-12-02 22:27:39 Notice: Notice (8): Undefined variable: javascript in [APP/views/layouts/default.ctp, line 14]
2008-12-04 13:51:51 Notice: Notice (8): Undefined variable: Bookmark in [APP/views/posts/view.ctp, line 35]
2008-12-04 13:51:51 Notice: Notice (8): Trying to get property of non-object in [APP/views/posts/view.ctp, line 35]
2008-12-04 13:52:39 Notice: Notice (8): Undefined variable: Bookmark in [APP/views/posts/view.ctp, line 35]
2008-12-04 13:52:39 Notice: Notice (8): Trying to get property of non-object in [APP/views/posts/view.ctp, line 35]
2008-12-04 13:52:59 Notice: Notice (8): Undefined variable: Bookmark in [APP/views/posts/view.ctp, line 35]
2008-12-04 13:52:59 Notice: Notice (8): Trying to get property of non-object in [APP/views/posts/view.ctp, line 35]
2008-12-04 13:53:43 Notice: Notice (8): Undefined variable: Bookmark in [APP/views/posts/view.ctp, line 35]
2008-12-04 13:54:36 Notice: Notice (8): Undefined variable: pagetitle in [APP/views/helpers/bookmark.php, line 47]
2008-12-04 13:54:44 Notice: Notice (8): Undefined variable: pagetitle in [APP/views/helpers/bookmark.php, line 47]
2008-12-04 14:28:33 Notice: Notice (8): Undefined index:  Post in [APP/views/posts/search.ctp, line 22]
2008-12-04 19:44:37 Notice: Notice (8): Undefined index:  email in [APP/controllers/users_controller.php, line 171]
2008-12-04 19:46:37 Notice: Notice (8): Undefined index:  email in [APP/controllers/users_controller.php, line 171]
2008-12-04 19:47:13 Notice: Notice (8): Undefined index:  email in [APP/controllers/users_controller.php, line 172]
2008-12-04 19:51:12 Notice: Notice (8): Undefined property: UsersController::$Ticketmaster in [APP/controllers/users_controller.php, line 186]
2008-12-04 19:52:14 Notice: Notice (8): Undefined property: UsersController::$Email in [APP/controllers/users_controller.php, line 188]
2008-12-04 19:58:13 Notice: Notice (8): Undefined property: UsersController::$Ticket in [APP/controllers/users_controller.php, line 200]
2008-12-04 20:02:01 Notice: Notice (8): Undefined variable: Ticketmaster in [APP/controllers/users_controller.php, line 198]
2008-12-04 20:03:12 Notice: Notice (8): Undefined variable: Ticketmaster in [APP/controllers/users_controller.php, line 198]
2008-12-04 20:03:21 Notice: Notice (8): Undefined property: UsersController::$Ticket in [APP/controllers/users_controller.php, line 200]
2008-12-04 20:04:14 Notice: Notice (8): Undefined property: UsersController::$Ticket in [APP/controllers/users_controller.php, line 200]
2008-12-04 20:05:23 Notice: Notice (8): Undefined property: TicketmasterComponent::$getExpirationDate in [APP/controllers/users_controller.php, line 198]
2008-12-04 20:05:23 Notice: Notice (8): Undefined property: UsersController::$Ticket in [APP/controllers/users_controller.php, line 200]
2008-12-04 20:06:13 Notice: Notice (8): Undefined property: UsersController::$Ticket in [APP/controllers/users_controller.php, line 200]
2008-12-04 20:15:27 Notice: Notice (8): Undefined property: UsersController::$Ticket in [APP/controllers/components/ticketmaster.php, line 39]
2008-12-04 20:17:32 Notice: Notice (8): Undefined property: UsersController::$Ticket in [APP/controllers/components/ticketmaster.php, line 39]
2008-12-04 20:17:37 Notice: Notice (8): Undefined property: UsersController::$Ticket in [APP/controllers/components/ticketmaster.php, line 39]
2008-12-04 20:17:59 Notice: Notice (8): Undefined property: TicketmasterComponent::$Ticket in [APP/controllers/components/ticketmaster.php, line 39]
2008-12-04 20:18:03 Notice: Notice (8): Undefined property: TicketmasterComponent::$Ticket in [APP/controllers/components/ticketmaster.php, line 39]
2008-12-04 20:18:08 Notice: Notice (8): Undefined property: TicketmasterComponent::$Ticket in [APP/controllers/components/ticketmaster.php, line 39]
2008-12-04 20:18:38 Notice: Notice (8): Undefined property: TicketmasterComponent::$Ticket in [APP/controllers/components/ticketmaster.php, line 39]
2008-12-04 20:34:28 Notice: Notice (8): Undefined property: UsersController::$Ticketmaster in [APP/controllers/users_controller.php, line 187]
2008-12-04 20:35:45 Notice: Notice (8): Undefined property: UsersController::$TicketComponent in [APP/controllers/users_controller.php, line 200]
2008-12-05 00:28:50 Notice: Notice (8): Undefined property: Task::$User in [APP/controllers/tasks_controller.php, line 89]
2008-12-05 01:31:38 Notice: Notice (8): Undefined variable: paginator in [APP/views/posts/admin_featured.ctp, line 29]
2008-12-05 01:31:39 Notice: Notice (8): Undefined variable: paginator in [APP/views/posts/admin_featured.ctp, line 29]
2008-12-05 01:32:21 Notice: Notice (8): Undefined variable: paginator in [APP/views/posts/admin_featured.ctp, line 29]
2008-12-05 01:33:02 Notice: Notice (8): Undefined variable: paginator in [APP/views/posts/admin_featured.ctp, line 29]
2008-12-05 01:34:11 Notice: Notice (8): Undefined variable: paginator in [APP/views/posts/admin_featured.ctp, line 29]
2008-12-05 01:34:28 Notice: Notice (8): Undefined variable: paginator in [APP/views/posts/admin_featured.ctp, line 29]
2008-12-05 01:35:22 Notice: Notice (8): Undefined variable: paginator in [APP/views/posts/admin_featured.ctp, line 29]
2008-12-05 01:35:28 Notice: Notice (8): Undefined variable: paginator in [APP/views/posts/admin_featured.ctp, line 29]
2008-12-05 01:35:59 Notice: Notice (8): Undefined variable: paginator in [APP/views/posts/admin_featured.ctp, line 29]
2008-12-05 01:36:31 Notice: Notice (8): Undefined variable: paginator in [APP/views/posts/admin_featured.ctp, line 29]
2008-12-05 01:37:57 Notice: Notice (8): Undefined variable: paginator in [APP/views/posts/admin_featured.ctp, line 29]
2008-12-05 01:37:59 Notice: Notice (8): Undefined variable: paginator in [APP/views/posts/admin_featured.ctp, line 29]
2008-12-05 01:38:09 Notice: Notice (8): Undefined variable: posts in [APP/views/posts/admin_featured.ctp, line 12]
2008-12-05 01:38:09 Notice: Notice (8): Undefined variable: paginator in [APP/views/posts/admin_featured.ctp, line 29]
2008-12-05 01:38:13 Notice: Notice (8): Undefined variable: paginator in [APP/views/posts/admin_featured.ctp, line 29]
2008-12-05 01:38:30 Notice: Notice (8): Undefined variable: paginator in [APP/views/posts/admin_featured.ctp, line 29]
2008-12-05 01:42:39 Notice: Notice (8): Undefined variable: posts in [APP/views/posts/admin_featured.ctp, line 12]
2008-12-05 02:00:55 Notice: Notice (8): Undefined property: PostsController::$MyModel in [APP/controllers/posts_controller.php, line 200]
2008-12-05 02:06:41 Notice: Notice (8): Undefined variable: id in [APP/controllers/posts_controller.php, line 95]
2008-12-05 02:06:41 Notice: Notice (8): Undefined variable: id in [APP/controllers/posts_controller.php, line 97]
2008-12-05 02:06:44 Notice: Notice (8): Undefined variable: id in [APP/controllers/posts_controller.php, line 95]
2008-12-05 02:06:44 Notice: Notice (8): Undefined index:  Post in [APP/models/post.php, line 19]
2008-12-05 02:06:44 Notice: Notice (8): Undefined index:  hits in [APP/models/post.php, line 19]
2008-12-05 02:06:44 Notice: Notice (8): Undefined variable: id in [APP/controllers/posts_controller.php, line 97]
2008-12-05 02:07:29 Notice: Notice (8): Undefined variable: id in [APP/controllers/posts_controller.php, line 95]
2008-12-05 02:07:29 Notice: Notice (8): Undefined variable: id in [APP/controllers/posts_controller.php, line 97]
2008-12-05 02:07:32 Notice: Notice (8): Undefined variable: id in [APP/controllers/posts_controller.php, line 95]
2008-12-05 02:07:32 Notice: Notice (8): Undefined variable: id in [APP/controllers/posts_controller.php, line 97]
2008-12-05 02:07:37 Notice: Notice (8): Undefined variable: id in [APP/controllers/posts_controller.php, line 95]
2008-12-05 02:07:37 Notice: Notice (8): Undefined index:  Post in [APP/models/post.php, line 19]
2008-12-05 02:07:37 Notice: Notice (8): Undefined index:  hits in [APP/models/post.php, line 19]
2008-12-05 02:07:37 Notice: Notice (8): Undefined variable: id in [APP/controllers/posts_controller.php, line 97]
2008-12-05 02:08:02 Notice: Notice (8): Undefined variable: id in [APP/controllers/posts_controller.php, line 95]
2008-12-05 02:08:02 Notice: Notice (8): Undefined index:  Post in [APP/models/post.php, line 19]
2008-12-05 02:08:02 Notice: Notice (8): Undefined index:  hits in [APP/models/post.php, line 19]
2008-12-05 02:08:46 Notice: Notice (8): Undefined variable: id in [APP/controllers/posts_controller.php, line 95]
2008-12-05 02:08:46 Notice: Notice (8): Undefined index:  Post in [APP/models/post.php, line 19]
2008-12-05 02:08:46 Notice: Notice (8): Undefined index:  hits in [APP/models/post.php, line 19]
2008-12-05 02:09:29 Notice: Notice (8): Undefined variable: id in [APP/controllers/posts_controller.php, line 95]
2008-12-05 02:09:29 Notice: Notice (8): Undefined index:  Post in [APP/models/post.php, line 19]
2008-12-05 02:09:29 Notice: Notice (8): Undefined index:  hits in [APP/models/post.php, line 19]
2008-12-05 02:09:29 Notice: Notice (8): Undefined index:  User in [APP/views/posts/view.ctp, line 1]
2008-12-05 02:09:29 Notice: Notice (8): Undefined index:  Post in [APP/views/posts/view.ctp, line 1]
2008-12-05 02:09:29 Notice: Notice (8): Undefined index:  Post in [APP/views/posts/view.ctp, line 8]
2008-12-05 02:09:29 Notice: Notice (8): Undefined index:  Post in [APP/views/posts/view.ctp, line 13]
2008-12-05 02:09:29 Notice: Notice (8): Undefined index:  Post in [APP/views/posts/view.ctp, line 17]
2008-12-05 02:09:29 Notice: Notice (8): Undefined index:  Feed in [APP/views/posts/view.ctp, line 18]
2008-12-05 02:09:29 Notice: Notice (8): Undefined index:  User in [APP/views/posts/view.ctp, line 18]
2008-12-05 02:09:29 Notice: Notice (8): Undefined index:  Post in [APP/views/posts/view.ctp, line 19]
2008-12-05 02:09:29 Notice: Notice (8): Undefined index:  Post in [APP/views/posts/view.ctp, line 21]
2008-12-05 02:09:29 Notice: Notice (8): Undefined index:  Post in [APP/views/posts/view.ctp, line 22]
2008-12-05 02:09:29 Notice: Notice (8): Undefined index:  Post in [APP/views/posts/view.ctp, line 31]
2008-12-05 02:09:29 Notice: Notice (8): Undefined index:  Feed in [APP/views/posts/view.ctp, line 31]
2008-12-05 02:10:36 Notice: Notice (8): Undefined variable: id in [APP/controllers/posts_controller.php, line 95]
2008-12-05 02:10:36 Notice: Notice (8): Undefined index:  Post in [APP/models/post.php, line 19]
2008-12-05 02:10:36 Notice: Notice (8): Undefined index:  hits in [APP/models/post.php, line 19]
2008-12-05 02:10:36 Notice: Notice (8): Undefined index:  User in [APP/views/posts/view.ctp, line 1]
2008-12-05 02:10:36 Notice: Notice (8): Undefined index:  Post in [APP/views/posts/view.ctp, line 1]
2008-12-05 02:10:36 Notice: Notice (8): Undefined index:  Post in [APP/views/posts/view.ctp, line 8]
2008-12-05 02:10:36 Notice: Notice (8): Undefined index:  Post in [APP/views/posts/view.ctp, line 13]
2008-12-05 02:10:36 Notice: Notice (8): Undefined index:  Post in [APP/views/posts/view.ctp, line 17]
2008-12-05 02:10:36 Notice: Notice (8): Undefined index:  Feed in [APP/views/posts/view.ctp, line 18]
2008-12-05 02:10:36 Notice: Notice (8): Undefined index:  User in [APP/views/posts/view.ctp, line 18]
2008-12-05 02:10:36 Notice: Notice (8): Undefined index:  Post in [APP/views/posts/view.ctp, line 19]
2008-12-05 02:10:36 Notice: Notice (8): Undefined index:  Post in [APP/views/posts/view.ctp, line 21]
2008-12-05 02:10:36 Notice: Notice (8): Undefined index:  Post in [APP/views/posts/view.ctp, line 22]
2008-12-05 02:10:36 Notice: Notice (8): Undefined index:  Post in [APP/views/posts/view.ctp, line 31]
2008-12-05 02:10:36 Notice: Notice (8): Undefined index:  Feed in [APP/views/posts/view.ctp, line 31]
2008-12-05 02:11:39 Notice: Notice (8): Undefined index:  User in [APP/views/posts/view.ctp, line 1]
2008-12-05 02:11:39 Notice: Notice (8): Undefined index:  Post in [APP/views/posts/view.ctp, line 1]
2008-12-05 02:11:39 Notice: Notice (8): Undefined index:  Post in [APP/views/posts/view.ctp, line 8]
2008-12-05 02:11:39 Notice: Notice (8): Undefined index:  Post in [APP/views/posts/view.ctp, line 13]
2008-12-05 02:11:39 Notice: Notice (8): Undefined index:  Post in [APP/views/posts/view.ctp, line 17]
2008-12-05 02:11:39 Notice: Notice (8): Undefined index:  Feed in [APP/views/posts/view.ctp, line 18]
2008-12-05 02:11:39 Notice: Notice (8): Undefined index:  User in [APP/views/posts/view.ctp, line 18]
2008-12-05 02:11:39 Notice: Notice (8): Undefined index:  Post in [APP/views/posts/view.ctp, line 19]
2008-12-05 02:11:39 Notice: Notice (8): Undefined index:  Post in [APP/views/posts/view.ctp, line 21]
2008-12-05 02:11:39 Notice: Notice (8): Undefined index:  Post in [APP/views/posts/view.ctp, line 22]
2008-12-05 02:11:39 Notice: Notice (8): Undefined index:  Post in [APP/views/posts/view.ctp, line 31]
2008-12-05 02:11:39 Notice: Notice (8): Undefined index:  Feed in [APP/views/posts/view.ctp, line 31]
2008-12-05 02:12:30 Notice: Notice (8): Undefined index:  User in [APP/views/posts/view.ctp, line 1]
2008-12-05 02:12:30 Notice: Notice (8): Undefined index:  Post in [APP/views/posts/view.ctp, line 1]
2008-12-05 02:12:30 Notice: Notice (8): Undefined index:  Post in [APP/views/posts/view.ctp, line 8]
2008-12-05 02:12:30 Notice: Notice (8): Undefined index:  Post in [APP/views/posts/view.ctp, line 13]
2008-12-05 02:12:30 Notice: Notice (8): Undefined index:  Post in [APP/views/posts/view.ctp, line 17]
2008-12-05 02:12:30 Notice: Notice (8): Undefined index:  Feed in [APP/views/posts/view.ctp, line 18]
2008-12-05 02:12:30 Notice: Notice (8): Undefined index:  User in [APP/views/posts/view.ctp, line 18]
2008-12-05 02:12:30 Notice: Notice (8): Undefined index:  Post in [APP/views/posts/view.ctp, line 19]
2008-12-05 02:12:30 Notice: Notice (8): Undefined index:  Post in [APP/views/posts/view.ctp, line 21]
2008-12-05 02:12:30 Notice: Notice (8): Undefined index:  Post in [APP/views/posts/view.ctp, line 22]
2008-12-05 02:12:30 Notice: Notice (8): Undefined index:  Post in [APP/views/posts/view.ctp, line 31]
2008-12-05 02:12:30 Notice: Notice (8): Undefined index:  Feed in [APP/views/posts/view.ctp, line 31]
2008-12-05 02:21:04 Notice: Notice (8): Undefined variable: id in [APP/controllers/posts_controller.php, line 99]
2008-12-05 02:21:04 Notice: Notice (8): Undefined index:  Post in [APP/models/post.php, line 19]
2008-12-05 02:21:04 Notice: Notice (8): Undefined index:  hits in [APP/models/post.php, line 19]
2008-12-05 02:22:15 Notice: Notice (8): Undefined variable: id in [APP/controllers/posts_controller.php, line 99]
2008-12-05 02:22:15 Notice: Notice (8): Undefined index:  Post in [APP/models/post.php, line 19]
2008-12-05 02:22:15 Notice: Notice (8): Undefined index:  hits in [APP/models/post.php, line 19]
2008-12-05 02:22:19 Notice: Notice (8): Undefined variable: id in [APP/controllers/posts_controller.php, line 99]
2008-12-05 02:22:19 Notice: Notice (8): Undefined index:  Post in [APP/models/post.php, line 19]
2008-12-05 02:22:19 Notice: Notice (8): Undefined index:  hits in [APP/models/post.php, line 19]
2008-12-05 02:22:38 Notice: Notice (8): Undefined index:  Post in [APP/models/post.php, line 19]
2008-12-05 02:22:38 Notice: Notice (8): Undefined index:  hits in [APP/models/post.php, line 19]
2008-12-05 02:22:42 Notice: Notice (8): Undefined index:  Post in [APP/models/post.php, line 19]
2008-12-05 02:22:42 Notice: Notice (8): Undefined index:  hits in [APP/models/post.php, line 19]
2008-12-05 02:23:25 Notice: Notice (8): Undefined index:  Post in [APP/models/post.php, line 19]
2008-12-05 02:23:25 Notice: Notice (8): Undefined index:  hits in [APP/models/post.php, line 19]
2008-12-05 02:24:01 Notice: Notice (8): Undefined variable: id in [APP/models/post.php, line 18]
2008-12-05 02:24:01 Notice: Notice (8): Undefined index:  Post in [APP/models/post.php, line 19]
2008-12-05 02:24:01 Notice: Notice (8): Undefined index:  hits in [APP/models/post.php, line 19]
2008-12-05 02:24:42 Notice: Notice (8): Undefined variable: id in [APP/models/post.php, line 19]
2008-12-05 02:24:42 Notice: Notice (8): Undefined index:  Post in [APP/models/post.php, line 20]
2008-12-05 02:24:42 Notice: Notice (8): Undefined index:  hits in [APP/models/post.php, line 20]
2008-12-05 02:25:13 Notice: Notice (8): Undefined property: PostsController::$post in [APP/controllers/posts_controller.php, line 99]
2008-12-05 02:25:13 Notice: Notice (8): Trying to get property of non-object in [APP/controllers/posts_controller.php, line 99]
2008-12-05 02:25:13 Notice: Notice (8): Undefined variable: id in [APP/models/post.php, line 19]
2008-12-05 02:25:13 Notice: Notice (8): Undefined index:  Post in [APP/models/post.php, line 20]
2008-12-05 02:25:13 Notice: Notice (8): Undefined index:  hits in [APP/models/post.php, line 20]
2008-12-05 02:25:32 Notice: Notice (8): Undefined variable: id in [APP/models/post.php, line 19]
2008-12-05 02:25:32 Notice: Notice (8): Undefined index:  Post in [APP/models/post.php, line 20]
2008-12-05 02:25:32 Notice: Notice (8): Undefined index:  hits in [APP/models/post.php, line 20]
2008-12-05 02:26:00 Notice: Notice (8): Undefined variable: id in [APP/models/post.php, line 19]
2008-12-05 02:26:00 Notice: Notice (8): Undefined index:  Post in [APP/models/post.php, line 20]
2008-12-05 02:26:00 Notice: Notice (8): Undefined index:  hits in [APP/models/post.php, line 20]
2008-12-05 02:26:35 Notice: Notice (8): Undefined property: Post::$title in [APP/controllers/posts_controller.php, line 99]
2008-12-05 02:26:35 Notice: Notice (8): Undefined variable: id in [APP/models/post.php, line 19]
2008-12-05 02:26:36 Notice: Notice (8): Undefined index:  Post in [APP/models/post.php, line 20]
2008-12-05 02:26:36 Notice: Notice (8): Undefined index:  hits in [APP/models/post.php, line 20]
2008-12-05 02:27:03 Notice: Notice (8): Undefined variable: id in [APP/models/post.php, line 19]
2008-12-05 02:27:03 Notice: Notice (8): Undefined index:  Post in [APP/models/post.php, line 20]
2008-12-05 02:27:03 Notice: Notice (8): Undefined index:  hits in [APP/models/post.php, line 20]
2008-12-05 02:27:29 Notice: Notice (8): Undefined variable: id in [APP/models/post.php, line 19]
2008-12-05 02:27:29 Notice: Notice (8): Undefined index:  Post in [APP/models/post.php, line 20]
2008-12-05 02:27:29 Notice: Notice (8): Undefined index:  hits in [APP/models/post.php, line 20]
2008-12-05 02:27:40 Notice: Notice (8): Undefined variable: id in [APP/models/post.php, line 19]
2008-12-05 02:28:06 Notice: Notice (8): Undefined variable: id in [APP/models/post.php, line 19]
2008-12-05 02:28:15 Notice: Notice (8): Undefined variable: id in [APP/models/post.php, line 19]
2008-12-05 02:28:15 Notice: Notice (8): Undefined index:  Post in [APP/models/post.php, line 20]
2008-12-05 02:28:15 Notice: Notice (8): Undefined index:  hits in [APP/models/post.php, line 20]
2008-12-05 02:28:26 Notice: Notice (8): Undefined index:  Post in [APP/models/post.php, line 19]
2008-12-05 02:28:26 Notice: Notice (8): Undefined index:  hits in [APP/models/post.php, line 19]
2008-12-05 02:28:51 Notice: Notice (8): Undefined index:  Post in [APP/models/post.php, line 19]
2008-12-05 02:28:51 Notice: Notice (8): Undefined index:  hits in [APP/models/post.php, line 19]
2008-12-05 02:28:55 Notice: Notice (8): Undefined index:  Post in [APP/models/post.php, line 19]
2008-12-05 02:28:55 Notice: Notice (8): Undefined index:  hits in [APP/models/post.php, line 19]
2008-12-05 03:30:29 Notice: Notice (8): Undefined index:  Post in [APP/models/post.php, line 19]
2008-12-05 03:30:29 Notice: Notice (8): Undefined index:  hits in [APP/models/post.php, line 19]
2008-12-05 03:31:06 Notice: Notice (8): Undefined index:  Post in [APP/models/post.php, line 19]
2008-12-05 03:31:06 Notice: Notice (8): Undefined index:  hits in [APP/models/post.php, line 19]
2008-12-05 03:33:29 Notice: Notice (8): Undefined index:  0 in [APP/controllers/posts_controller.php, line 67]
2008-12-05 03:33:29 Notice: Notice (8): Undefined index:  0 in [APP/views/posts/category.ctp, line 1]
2008-12-05 03:33:29 Notice: Notice (8): Undefined index:  0 in [APP/views/posts/category.ctp, line 8]
2008-12-05 12:24:17 Notice: Notice (8): Undefined index:  Post in [APP/models/post.php, line 19]
2008-12-05 12:24:17 Notice: Notice (8): Undefined index:  hits in [APP/models/post.php, line 19]
2008-12-05 12:37:34 Notice: Notice (8): Undefined variable: id in [APP/controllers/posts_controller.php, line 95]
2008-12-05 12:37:37 Notice: Notice (8): Undefined variable: id in [APP/controllers/posts_controller.php, line 95]
2008-12-05 12:38:04 Notice: Notice (8): Undefined property: Post::$title in [APP/controllers/posts_controller.php, line 94]
2008-12-05 12:44:34 Notice: Notice (8): Undefined variable: posts in [APP/views/announces/index.ctp, line 9]
2008-12-05 13:40:54 Notice: Notice (8): Array to string conversion in [CORE/cake/libs/view/helper.php, line 330]
2008-12-05 13:40:54 Notice: Notice (8): Array to string conversion in [CORE/cake/libs/view/helpers/form.php, line 438]
2008-12-05 13:40:54 Notice: Notice (8): Array to string conversion in [CORE/cake/libs/view/helpers/form.php, line 443]
2008-12-05 13:40:54 Notice: Notice (8): Array to string conversion in [CORE/cake/libs/inflector.php, line 433]
2008-12-05 13:45:05 Notice: Notice (8): Undefined variable: data in [APP/controllers/users_controller.php, line 175]
2008-12-05 13:45:48 Notice: Notice (8): Undefined variable: data in [APP/controllers/users_controller.php, line 176]
2008-12-05 13:53:38 Notice: Notice (8): Undefined index:  change in [APP/controllers/users_controller.php, line 178]
2008-12-05 13:53:38 Notice: Notice (8): Undefined index:  change in [APP/controllers/users_controller.php, line 182]
2008-12-05 13:53:38 Notice: Notice (8): Undefined index:  change in [APP/controllers/users_controller.php, line 186]
2008-12-05 13:58:29 Notice: Notice (8): Undefined property: User::$username in [APP/controllers/users_controller.php, line 188]
2008-12-05 13:59:23 Notice: Notice (8): Undefined property: User::$username in [APP/controllers/users_controller.php, line 188]
2008-12-05 14:10:12 Notice: Notice (8): Undefined variable: session in [APP/controllers/users_controller.php, line 177]
2008-12-05 14:12:56 Notice: Notice (8): Undefined index:  new_password in [APP/controllers/users_controller.php, line 183]
2008-12-05 14:12:56 Notice: Notice (8): Undefined index:  confirm_password in [APP/controllers/users_controller.php, line 184]
2008-12-05 14:12:56 Notice: Notice (8): Undefined index:  new_password in [APP/controllers/users_controller.php, line 190]
2008-12-05 14:13:23 Notice: Notice (8): Undefined index:  new_password in [APP/controllers/users_controller.php, line 183]
2008-12-05 14:13:23 Notice: Notice (8): Undefined index:  confirm_password in [APP/controllers/users_controller.php, line 184]
2008-12-05 14:13:23 Notice: Notice (8): Undefined index:  new_password in [APP/controllers/users_controller.php, line 189]
2008-12-05 14:14:11 Notice: Notice (8): Undefined index:  new_password in [APP/controllers/users_controller.php, line 183]
2008-12-05 14:14:11 Notice: Notice (8): Undefined index:  confirm_password in [APP/controllers/users_controller.php, line 184]
2008-12-05 14:14:11 Notice: Notice (8): Undefined index:  new_password in [APP/controllers/users_controller.php, line 189]
2008-12-05 14:15:30 Notice: Notice (8): Undefined index:  new_password in [APP/controllers/users_controller.php, line 183]
2008-12-05 14:15:30 Notice: Notice (8): Undefined index:  confirm_password in [APP/controllers/users_controller.php, line 184]
2008-12-05 14:15:30 Notice: Notice (8): Undefined index:  new_password in [APP/controllers/users_controller.php, line 189]
2008-12-05 14:15:30 Notice: Notice (8): Undefined property: User::$username in [APP/controllers/users_controller.php, line 191]
2008-12-09 13:48:08 Notice: Notice (8): Undefined index:  0 in [APP/controllers/posts_controller.php, line 67]
2008-12-09 13:48:08 Notice: Notice (8): Undefined index:  0 in [APP/views/posts/category.ctp, line 1]
2008-12-09 13:48:08 Notice: Notice (8): Undefined index:  0 in [APP/views/posts/category.ctp, line 8]
2008-12-09 13:48:13 Notice: Notice (8): Undefined index:  0 in [APP/controllers/posts_controller.php, line 67]
2008-12-09 13:48:13 Notice: Notice (8): Undefined index:  0 in [APP/views/posts/category.ctp, line 1]
2008-12-09 13:48:13 Notice: Notice (8): Undefined index:  0 in [APP/views/posts/category.ctp, line 8]
2008-12-09 23:30:24 Notice: Notice (8): Undefined index:  change in [APP/controllers/users_controller.php, line 178]
2008-12-09 23:30:24 Notice: Notice (8): Undefined index:  change in [APP/controllers/users_controller.php, line 182]
2008-12-09 23:30:24 Notice: Notice (8): Undefined index:  change in [APP/controllers/users_controller.php, line 186]
2008-12-09 23:33:54 Notice: Notice (8): Undefined index:  newpassword in [APP/controllers/users_controller.php, line 182]
2008-12-09 23:34:58 Notice: Notice (8): Undefined index:  newpassword in [APP/controllers/users_controller.php, line 182]
2008-12-09 23:37:42 Notice: Notice (8): Undefined variable: someone in [APP/controllers/users_controller.php, line 178]
2008-12-09 23:40:31 Notice: Notice (8): Undefined property: UsersController::$authenticate in [CORE/cake/libs/controller/components/auth.php, line 838]
2008-12-09 23:40:31 Notice: Notice (8): Undefined property: UsersController::$userModel in [CORE/cake/libs/controller/components/auth.php, line 842]
2008-12-09 23:41:02 Notice: Notice (8): Undefined property: UsersController::$authenticate in [CORE/cake/libs/controller/components/auth.php, line 838]
2008-12-09 23:41:02 Notice: Notice (8): Undefined variable: data in [CORE/cake/libs/controller/components/auth.php, line 842]
2008-12-09 23:41:02 Notice: Notice (8): Undefined variable: data in [CORE/cake/libs/controller/components/auth.php, line 847]
2008-12-09 23:42:05 Notice: Notice (8): Undefined property: UsersController::$authenticate in [CORE/cake/libs/controller/components/auth.php, line 838]
2008-12-09 23:54:09 Notice: Notice (8): Undefined variable: data in [APP/controllers/users_controller.php, line 200]
2008-12-10 00:16:46 Notice: Notice (8): Undefined property: UsersController::$Document in [APP/controllers/users_controller.php, line 175]
2008-12-10 00:17:07 Notice: Notice (8): Undefined variable: error in [APP/controllers/users_controller.php, line 188]
2008-12-10 00:17:07 Notice: Notice (8): Undefined variable: fileName in [APP/controllers/users_controller.php, line 190]
2008-12-10 00:17:08 Notice: Notice (8): Undefined property: UsersController::$Attachment in [APP/controllers/users_controller.php, line 191]
2008-12-10 00:18:34 Notice: Notice (8): Undefined variable: fileName in [APP/controllers/users_controller.php, line 190]
2008-12-10 00:18:34 Notice: Notice (8): Undefined property: UsersController::$Attachment in [APP/controllers/users_controller.php, line 191]
2008-12-10 00:19:07 Notice: Notice (8): Undefined variable: fileName in [APP/controllers/users_controller.php, line 191]
2008-12-10 00:19:07 Notice: Notice (8): Undefined property: UsersController::$Attachment in [APP/controllers/users_controller.php, line 192]
2008-12-10 00:20:03 Notice: Notice (8): Undefined variable: fileName in [APP/controllers/users_controller.php, line 190]
2008-12-10 00:20:03 Notice: Notice (8): Undefined property: UsersController::$Attachment in [APP/controllers/users_controller.php, line 191]
2008-12-10 00:20:45 Notice: Notice (8): Undefined variable: fileName in [APP/controllers/users_controller.php, line 190]
2008-12-10 00:20:45 Notice: Notice (8): Undefined property: UsersController::$Attachment in [APP/controllers/users_controller.php, line 191]
2008-12-10 00:22:50 Notice: Notice (8): Undefined property: AuthComponent::$id in [APP/controllers/users_controller.php, line 181]
2008-12-10 00:26:47 Notice: Notice (8): Undefined property: UsersController::$validateFile in [APP/controllers/users_controller.php, line 223]
2008-12-10 00:26:47 Notice: Notice (8): Undefined property: UsersController::$validateFile in [APP/controllers/users_controller.php, line 227]
2008-12-10 00:26:47 Notice: Notice (8): Undefined property: UsersController::$Attachment in [APP/controllers/users_controller.php, line 200]
2008-12-10 00:27:13 Notice: Notice (8): Undefined property: UsersController::$validateFile in [APP/controllers/users_controller.php, line 223]
2008-12-10 00:27:13 Notice: Notice (8): Undefined property: UsersController::$validateFile in [APP/controllers/users_controller.php, line 227]
2008-12-10 00:27:34 Notice: Notice (8): Undefined property: UsersController::$validateFile in [APP/controllers/users_controller.php, line 223]
2008-12-10 00:27:34 Notice: Notice (8): Undefined property: UsersController::$validateFile in [APP/controllers/users_controller.php, line 227]
2008-12-10 00:28:19 Notice: Notice (8): Undefined property: UsersController::$validateFile in [APP/controllers/users_controller.php, line 223]
2008-12-10 00:28:19 Notice: Notice (8): Undefined property: UsersController::$validateFile in [APP/controllers/users_controller.php, line 227]
2008-12-10 00:28:44 Notice: Notice (8): Undefined property: UsersController::$validateFile in [APP/controllers/users_controller.php, line 224]
2008-12-10 00:28:44 Notice: Notice (8): Undefined property: UsersController::$validateFile in [APP/controllers/users_controller.php, line 228]
2008-12-10 00:29:09 Notice: Notice (8): Undefined index:  name in [APP/controllers/users_controller.php, line 179]
2008-12-10 00:29:09 Notice: Notice (8): Undefined property: UsersController::$validateFile in [APP/controllers/users_controller.php, line 224]
2008-12-10 00:29:09 Notice: Notice (8): Undefined property: UsersController::$validateFile in [APP/controllers/users_controller.php, line 228]
2008-12-10 00:29:17 Notice: Notice (8): Undefined property: UsersController::$validateFile in [APP/controllers/users_controller.php, line 224]
2008-12-10 00:29:17 Notice: Notice (8): Undefined property: UsersController::$validateFile in [APP/controllers/users_controller.php, line 228]
2008-12-10 00:29:57 Notice: Notice (8): Undefined property: UsersController::$validateFile in [APP/controllers/users_controller.php, line 224]
2008-12-10 00:29:57 Notice: Notice (8): Undefined property: UsersController::$validateFile in [APP/controllers/users_controller.php, line 228]
2008-12-10 00:30:04 Notice: Notice (8): Undefined property: UsersController::$validateFile in [APP/controllers/users_controller.php, line 224]
2008-12-10 00:30:04 Notice: Notice (8): Undefined property: UsersController::$validateFile in [APP/controllers/users_controller.php, line 228]
2008-12-10 00:31:28 Notice: Notice (8): Undefined property: UsersController::$validateFile in [APP/controllers/users_controller.php, line 226]
2008-12-10 00:31:28 Notice: Notice (8): Undefined property: UsersController::$validateFile in [APP/controllers/users_controller.php, line 230]
2008-12-10 00:32:20 Notice: Notice (8): Undefined property: UsersController::$validateFile in [APP/controllers/users_controller.php, line 226]
2008-12-10 00:32:20 Notice: Notice (8): Undefined property: UsersController::$validateFile in [APP/controllers/users_controller.php, line 230]
2008-12-10 00:33:17 Notice: Notice (8): Undefined property: UsersController::$validateFile in [APP/controllers/users_controller.php, line 226]
2008-12-10 00:33:17 Notice: Notice (8): Undefined property: UsersController::$validateFile in [APP/controllers/users_controller.php, line 230]
2008-12-10 00:34:40 Notice: Notice (8): Undefined property: UsersController::$validateFile in [APP/controllers/users_controller.php, line 226]
2008-12-10 00:34:40 Notice: Notice (8): Undefined property: UsersController::$validateFile in [APP/controllers/users_controller.php, line 230]
2008-12-10 00:35:40 Notice: Notice (8): Undefined variable: Auth in [APP/controllers/users_controller.php, line 182]
2008-12-10 00:35:40 Notice: Notice (8): Trying to get property of non-object in [APP/controllers/users_controller.php, line 182]
2008-12-10 00:36:12 Notice: Notice (8): Undefined variable: session in [APP/controllers/users_controller.php, line 182]
2008-12-10 00:38:03 Notice: Notice (8): Undefined property: UsersController::$validateFile in [APP/controllers/users_controller.php, line 223]
2008-12-10 00:38:03 Notice: Notice (8): Undefined property: UsersController::$validateFile in [APP/controllers/users_controller.php, line 227]
2008-12-10 00:39:30 Notice: Notice (8): Undefined property: UsersController::$validateFile in [APP/controllers/users_controller.php, line 225]
2008-12-10 00:39:30 Notice: Notice (8): Undefined property: UsersController::$validateFile in [APP/controllers/users_controller.php, line 229]
2008-12-10 00:42:31 Notice: Notice (8): Undefined index:  User in [APP/controllers/users_controller.php, line 222]
2008-12-10 00:42:31 Notice: Notice (8): Undefined property: UsersController::$validateFile in [APP/controllers/users_controller.php, line 225]
2008-12-10 00:42:31 Notice: Notice (8): Undefined index:  User in [APP/controllers/users_controller.php, line 225]
2008-12-10 00:42:31 Notice: Notice (8): Undefined property: UsersController::$validateFile in [APP/controllers/users_controller.php, line 229]
2008-12-10 00:42:56 Notice: Notice (8): Undefined index:  User in [APP/controllers/users_controller.php, line 222]
2008-12-10 00:42:56 Notice: Notice (8): Undefined property: UsersController::$validateFile in [APP/controllers/users_controller.php, line 225]
2008-12-10 00:42:56 Notice: Notice (8): Undefined index:  User in [APP/controllers/users_controller.php, line 225]
2008-12-10 00:42:56 Notice: Notice (8): Undefined property: UsersController::$validateFile in [APP/controllers/users_controller.php, line 229]
2008-12-10 00:43:41 Notice: Notice (8): Undefined property: UsersController::$validateFile in [APP/controllers/users_controller.php, line 225]
2008-12-10 00:44:15 Notice: Notice (8): Undefined property: UsersController::$validateFile in [APP/controllers/users_controller.php, line 225]
2008-12-10 01:13:15 Notice: Notice (8): Undefined index:  cont in [APP/views/pages/home.ctp, line 8]
2008-12-10 01:13:20 Notice: Notice (8): Undefined index:  cont in [APP/views/pages/home.ctp, line 8]
2008-12-11 10:56:08 Notice: Notice (8): Undefined variable: posts in [APP/views/posts/archive.ctp, line 8]
2008-12-11 10:56:08 Notice: Notice (8): Undefined variable: paginator in [APP/views/posts/archive.ctp, line 40]
2008-12-11 10:57:45 Notice: Notice (8): Undefined variable: q in [APP/controllers/posts_controller.php, line 149]
2008-12-11 10:59:01 Notice: Notice (8): Undefined variable: q in [APP/controllers/posts_controller.php, line 149]
2008-12-11 10:59:17 Notice: Notice (8): Undefined variable: q in [APP/controllers/posts_controller.php, line 149]
2008-12-11 10:59:43 Notice: Notice (8): Undefined variable: q in [APP/controllers/posts_controller.php, line 149]
2008-12-11 11:04:43 Notice: Notice (8): Undefined offset:  2 in [APP/controllers/posts_controller.php, line 151]
2008-12-11 11:05:58 Notice: Notice (8): Undefined offset:  2 in [APP/controllers/posts_controller.php, line 158]
2008-12-11 11:05:58 Notice: Notice (8): Undefined variable: day in [APP/controllers/posts_controller.php, line 170]
2008-12-11 11:05:58 Notice: Notice (8): Undefined variable: day in [APP/controllers/posts_controller.php, line 174]
2008-12-11 11:06:33 Notice: Notice (8): Undefined variable: day in [APP/controllers/posts_controller.php, line 170]
2008-12-11 11:06:33 Notice: Notice (8): Undefined variable: day in [APP/controllers/posts_controller.php, line 174]
2008-12-11 11:06:54 Notice: Notice (8): Undefined variable: day in [APP/controllers/posts_controller.php, line 170]
2008-12-11 11:06:54 Notice: Notice (8): Undefined variable: day in [APP/controllers/posts_controller.php, line 174]
2008-12-11 11:07:15 Notice: Notice (8): Undefined variable: day in [APP/controllers/posts_controller.php, line 170]
2008-12-11 11:07:15 Notice: Notice (8): Undefined variable: day in [APP/controllers/posts_controller.php, line 174]
2008-12-11 11:09:59 Notice: Notice (8): Undefined variable: args in [APP/views/posts/archive.ctp, line 4]
2008-12-11 11:10:11 Notice: Notice (8): Undefined variable: args in [APP/views/posts/archive.ctp, line 4]
2008-12-11 11:10:44 Notice: Notice (8): Undefined variable: args in [APP/views/posts/archive.ctp, line 4]
2008-12-11 11:10:48 Notice: Notice (8): Undefined variable: args in [APP/views/posts/archive.ctp, line 4]
2008-12-11 11:10:51 Notice: Notice (8): Undefined variable: args in [APP/views/posts/archive.ctp, line 4]
2008-12-11 11:13:57 Notice: Notice (8): Undefined offset:  2 in [APP/views/posts/archive.ctp, line 3]
2008-12-11 11:14:15 Notice: Notice (8): Undefined offset:  2 in [APP/views/posts/archive.ctp, line 3]
2008-12-11 11:14:35 Notice: Notice (8): Undefined variable: day in [APP/views/posts/archive.ctp, line 15]
2008-12-11 11:14:35 Notice: Notice (8): Undefined variable: args in [APP/views/posts/archive.ctp, line 24]
2008-12-11 11:15:15 Notice: Notice (8): Undefined variable: args in [APP/views/posts/archive.ctp, line 27]
2008-12-11 11:15:55 Notice: Notice (8): Undefined variable: args in [APP/views/posts/archive.ctp, line 37]
2008-12-11 11:17:04 Notice: Notice (8): Undefined variable: args in [APP/views/posts/archive.ctp, line 67]
2008-12-11 11:17:07 Notice: Notice (8): Undefined variable: args in [APP/views/posts/archive.ctp, line 67]
2008-12-11 11:17:55 Notice: Notice (8): Undefined variable: args in [APP/views/posts/archive.ctp, line 107]
2008-12-11 11:18:04 Notice: Notice (8): Undefined variable: args in [APP/views/posts/archive.ctp, line 107]
2008-12-11 11:18:19 Notice: Notice (8): Undefined variable: args in [APP/views/posts/archive.ctp, line 107]
2008-12-11 11:18:26 Notice: Notice (8): Undefined variable: args in [APP/views/posts/archive.ctp, line 107]
2008-12-11 11:18:42 Notice: Notice (8): Undefined variable: args in [APP/views/posts/archive.ctp, line 107]
2008-12-11 11:18:50 Notice: Notice (8): Undefined variable: month in [APP/controllers/posts_controller.php, line 166]
2008-12-11 11:18:50 Notice: Notice (8): Undefined variable: month in [APP/controllers/posts_controller.php, line 170]
2008-12-11 11:18:50 Notice: Notice (8): Undefined variable: month in [APP/controllers/posts_controller.php, line 174]
2008-12-11 11:18:50 Notice: Notice (8): Undefined variable: args in [APP/views/posts/archive.ctp, line 107]
2008-12-11 11:19:49 Notice: Notice (8): Undefined variable: args in [APP/views/posts/archive.ctp, line 107]
2008-12-11 11:24:05 Notice: Notice (8): Undefined variable: conditions in [APP/controllers/posts_controller.php, line 178]
2008-12-11 11:25:00 Notice: Notice (8): Undefined variable: year in [APP/controllers/posts_controller.php, line 176]
2008-12-11 11:25:00 Notice: Notice (8): Undefined variable: month in [APP/controllers/posts_controller.php, line 176]
2008-12-11 11:25:00 Notice: Notice (8): Undefined variable: day in [APP/controllers/posts_controller.php, line 176]
2008-12-11 18:25:56 Notice: Notice (8): Undefined variable: tasks in [APP/views/users/admin_index.ctp, line 21]
2008-12-11 18:26:54 Notice: Notice (8): Undefined index:  assigned_to in [APP/views/users/admin_index.ctp, line 35]
2008-12-11 18:26:54 Notice: Notice (8): Undefined index:  priority in [APP/views/users/admin_index.ctp, line 38]
2008-12-11 18:26:54 Notice: Notice (8): Undefined index:  subject in [APP/views/users/admin_index.ctp, line 41]
2008-12-11 18:26:54 Notice: Notice (8): Undefined index:  User in [APP/views/users/admin_index.ctp, line 44]
2008-12-11 18:26:54 Notice: Notice (8): Undefined index:  deadline in [APP/views/users/admin_index.ctp, line 50]
2008-12-11 18:47:07 Notice: Notice (8): Undefined property: UsersController::$Task in [APP/controllers/users_controller.php, line 114]
2008-12-11 18:47:07 Notice: Notice (8): Trying to get property of non-object in [APP/controllers/users_controller.php, line 114]
